<?xml version="1.0" encoding="UTF-8"?>
<!-- Generated by org.testng.reporters.JUnitXMLReporter -->
<testsuite ignored="0" hostname="Tarun" failures="0" tests="10" name="Test" time="500.026" errors="0" timestamp="2023-07-04T19:43:48 IST">
  <testcase classname="com.nowonline.qa.testcases.LoginPageTest" name="loginPageTitleTest" time="0.013"/>
  <testcase classname="com.nowonline.qa.testcases.LoginPageTest" name="imageLogoTest" time="0.037"/>
  <testcase classname="com.nowonline.qa.testcases.LoginPageTest" name="loginTest" time="4.19"/>
  <testcase classname="com.nowonline.qa.testcases.HomePageTest" name="homePageTitleTest" time="8.028"/>
  <testcase classname="com.nowonline.qa.testcases.HomePageTest" name="verifyImageLogoTest" time="8.075"/>
  <testcase classname="com.nowonline.qa.testcases.HomePageTest" name="clickMyAssignmentsLinkTest" time="4.089"/>
  <testcase classname="com.nowonline.qa.testcases.AddCommandPageTest" name="uploadFileTest" time="12.172"/>
  <testcase classname="com.nowonline.qa.testcases.CheckCommandPageTest" name="checkCommandPageTest" time="4.183"/>
  <testcase classname="com.nowonline.qa.testcases.MyAssignmentsPageTest" name="myAssignmentsPageTest" time="40.687"/>
  <testcase classname="com.nowonline.qa.testcases.CompleteAssignmentTest" name="completeAssignmentTest" time="106.621"/>
</testsuite> <!-- Test -->
